<?xml version="1.0" encoding="UTF-8"?>
<!-- Generated by org.testng.reporters.JUnitReportReporter -->
<testsuite hostname="Adarsh" failures="1" tests="1" name="workingwithTestng.TaskSoftassertion" time="13.597" errors="0" timestamp="2024-02-03T19:40:52 IST" skipped="0">
  <testcase classname="workingwithTestng.TaskSoftassertion" name="login" time="13.597">
    <failure message="The following asserts failed:
	email id is not valid email expected [luky0412@gmail.com] but found [[[ChromeDriver: chrome on windows (ba87f5f19bfc0b9d683ac5ab93c4dfe5)] -&gt; id: Email]],
	it is not not pwd expected [luck0412@] but found [[[ChromeDriver: chrome on windows (ba87f5f19bfc0b9d683ac5ab93c4dfe5)] -&gt; id: Password]]" type="java.lang.AssertionError">
      <![CDATA[java.lang.AssertionError: The following asserts failed:
email id is not valid email expected [luky0412@gmail.com] but found [[[ChromeDriver: chrome on windows (ba87f5f19bfc0b9d683ac5ab93c4dfe5)] -> id: Email]],
it is not not pwd expected [luck0412@] but found [[[ChromeDriver: chrome on windows (ba87f5f19bfc0b9d683ac5ab93c4dfe5)] -> id: Password]]
at org.testng.asserts.SoftAssert.assertAll(SoftAssert.java:46)
at org.testng.asserts.SoftAssert.assertAll(SoftAssert.java:30)
at workingwithTestng.TaskSoftassertion.login(TaskSoftassertion.java:58)
at java.base/jdk.internal.reflect.NativeMethodAccessorImpl.invoke0(Native Method)
at java.base/jdk.internal.reflect.NativeMethodAccessorImpl.invoke(NativeMethodAccessorImpl.java:77)
at java.base/jdk.internal.reflect.DelegatingMethodAccessorImpl.invoke(DelegatingMethodAccessorImpl.java:43)
at java.base/java.lang.reflect.Method.invoke(Method.java:568)
at org.testng.internal.invokers.MethodInvocationHelper.invokeMethod(MethodInvocationHelper.java:139)
at org.testng.internal.invokers.TestInvoker.invokeMethod(TestInvoker.java:664)
at org.testng.internal.invokers.TestInvoker.invokeTestMethod(TestInvoker.java:228)
at org.testng.internal.invokers.MethodRunner.runInSequence(MethodRunner.java:63)
at org.testng.internal.invokers.TestInvoker$MethodInvocationAgent.invoke(TestInvoker.java:961)
at org.testng.internal.invokers.TestInvoker.invokeTestMethods(TestInvoker.java:201)
at org.testng.internal.invokers.TestMethodWorker.invokeTestMethods(TestMethodWorker.java:148)
at org.testng.internal.invokers.TestMethodWorker.run(TestMethodWorker.java:128)
at java.base/java.util.ArrayList.forEach(ArrayList.java:1511)
at org.testng.TestRunner.privateRun(TestRunner.java:819)
at org.testng.TestRunner.run(TestRunner.java:619)
at org.testng.SuiteRunner.runTest(SuiteRunner.java:443)
at org.testng.SuiteRunner.runSequentially(SuiteRunner.java:437)
at org.testng.SuiteRunner.privateRun(SuiteRunner.java:397)
at org.testng.SuiteRunner.run(SuiteRunner.java:336)
at org.testng.SuiteRunnerWorker.runSuite(SuiteRunnerWorker.java:52)
at org.testng.SuiteRunnerWorker.run(SuiteRunnerWorker.java:95)
at org.testng.TestNG.runSuitesSequentially(TestNG.java:1301)
at org.testng.TestNG.runSuitesLocally(TestNG.java:1228)
at org.testng.TestNG.runSuites(TestNG.java:1134)
at org.testng.TestNG.run(TestNG.java:1101)
at org.testng.remote.AbstractRemoteTestNG.run(AbstractRemoteTestNG.java:115)
at org.testng.remote.RemoteTestNG.initAndRun(RemoteTestNG.java:251)
at org.testng.remote.RemoteTestNG.main(RemoteTestNG.java:77)
]]>
    </failure>
    <system-out>
      <![CDATA[Browser is maximised]]>
    </system-out>
  </testcase> <!-- login -->
  <system-out>
    <![CDATA[Browser is maximised]]>
  </system-out>
</testsuite> <!-- workingwithTestng.TaskSoftassertion -->
